Data file: players.dat

Lewandowski      34.0     Poland          Forward     9.0
Neymar           30.0     Brazil          Forward     10.0
Son              30.0     South_Korea     Forward     7.0
Messi            35.0     Argentina       Forward     10.0
Mbappe           23.0     France          Forward     10.0
Ronaldo          37.0     Portugal        Forward     7.0
Modric           37.0     Croatia         Midfielder  10.0

#   ========================================================
#   File: soccer.py
#   Date: Nov. 22, 2022
#   Using Seq. Files and functions
#   Author: Julia Piascik
#   ========================================================

def getPlayers():
    playerL = []
    playerFile = open("players.dat", 'r')
    for player in playerFile:
        player = player.split()
        playerL.append(player)
    #end for player
    playerFile.close()
    return playerL
#end ftn getPlayers


def calcAvgAge(allPlayers):
    sum = 0
    c = 0
    older = 0
    younger = 0
    same = 0
    for player in allPlayers:
        c = c + 1
        age = float(player[1])
        sum = sum + age
    #end for player
    aveg = sum/c
    return aveg
#end ftn calcAvgAge


def calcAgevsAvg(allPlayers, avegAge):
    older = 0
    younger = 0
    same = 0
    for player in allPlayers:
        age = float(player[1])
        if age > avegAge:
            older = 1 + older
        else:
            if age < avegAge:
                younger = 1 + younger
            else:
                 same = 1 + same
            #endif
        #endif
     #end for player
    print("There are",older, "players that are older than the average.")
    print("There are",younger, "players that are younger than the average.")
    print("There are",same, "players that are the same age as the average.")
#end ftn calcAgevsAvg


def getNumber(allPlayers):
    n10 = 0
    n7 = 0
    n9 = 0
    for player in allPlayers:
        number = float(player[4])
        if number == 10:
            n10 = 1 + n10
        else:
            if number == 7:
                n7 = n7 + 1
            else:
                n9 = 1 + n9
            #endif
        #endif
    #end for player
    print("There are",n10,"players that uses the number 10 on their national teams jersey.")
    print("There are",n7,"players that uses the number 7 on their national teams jersey.")
    print("There is",n9,"player that is unique! He is the only player that uses the number 9.")
#end ftn getNumber

def getPosition(allPlayers):
    f = 0
    m = 0
    for player in allPlayers:
        position = str(player[3])
        if position == 'Forward':
            f = 1 + f
        else:
            if position == 'Midfielder':
                m = m + 1
            #endif
        #endif
    #end for player
    print("There are",f,"players that play the forward position on their national team.")
    print("There is",m,"player that play the midfielder position on their national team.")
    
#end ftn getPosition

    
# main program

allPlayers = getPlayers()
print ("The average age of Julia's favorite players is", calcAvgAge(allPlayers), "years.")
avegAge = calcAvgAge(allPlayers)

calcAgevsAvg(allPlayers, avegAge)

getNumber(allPlayers)

getPosition(allPlayers)

#end main program

#Execution Run:


=========== RESTART: /Users/juliapiascik/Documents/CS 111-B/soccer.py ==========
The average age of Julia's favorite players is 32.285714285714285 years.
There are 4 players that are older than the average.
There are 3 players that are younger than the average.
There are 0 players that are the same age as the average.
There are 4 players that uses the number 10 on their national teams jersey.
There are 2 players that uses the number 7 on their national teams jersey.
There is 1 player that is unique! He is the only player that uses the number 9.
There are 6 players that play the forward position on their national team.
There is 1 player that play the midfielder position on their national team.





