import createSoccerFacts
from createSoccerFacts             import lewFacts
from createSoccerFacts             import mbaFacts
from createSoccerFacts             import perFacts
from createSoccerFacts             import joFacts
from createSoccerFacts             import ricFacts

#   =============================================================================
#   File:  useClassSoccerFacts.py
#   Purpose: This is the main program that will use the class:soccerFacts that
#   contains soccer facts.
#   Name: Julia Piascik
#   =============================================================================

while True:
        print( "	     ================================================== ")
        print( "	        Choose a letter to see a player's stats.       ")
        print( "	     ================================================== ")
        print( "	          L   Lewandowski	M  Mbappe        ")
        print( "	          P   Perisic     	J  Jo        ")
        print( "	          R   Richarlison	X  Exit          ")
        print( "	     ================================================== ");
        choice = input( " Choose L, M, P, J, R or X please ==>              ")
        
        if choice  == 'L' or choice == 'l':
                allLewandowski = lewFacts.getLewandowski()
                lewFacts.calcAvgGoals(allLewandowski)
                lewFacts.getScore(allLewandowski)

        elif choice == 'M' or choice == 'm':
                allMbappe = mbaFacts.getMbappe()
                mbaFacts.calcAvgGoals(allMbappe)
                mbaFacts.getScore(allMbappe)
                
        elif choice == 'P' or choice == 'p':
                allPerisic = perFacts.getPerisic()
                perFacts.calcAvgGoals(allPerisic)
                perFacts.getScore(allPerisic)
                
        elif choice == 'J' or choice == 'j':
                allJo = joFacts.getJo()
                joFacts.calcAvgGoals(allJo)
                joFacts.getScore(allJo)
                
        elif choice == 'R' or choice == 'r':
                allRicharlison = ricFacts.getRicharlison()
                ricFacts.calcAvgGoals(allRicharlison)
                ricFacts.getScore(allRicharlison)

        elif choice == 'x' or choice == 'X':
                break
        else:
                print( "\n.. I did not understand you, try again!\n")
        #end if
                
#end while
print("\n...		    World Cup Qatar 2022!!!\n\n\n")

#end useClassSoccerFacts

==== RESTART: /Users/juliapiascik/Documents/CS 111-B/useClassSoccerFacts.py ====
	     ================================================== 
	        Choose a letter to see a player's stats.       
	     ================================================== 
	          L   Lewandowski	M  Mbappe        
	          P   Perisic     	J  Jo        
	          R   Richarlison	X  Exit          
	     ================================================== 
 Choose L, M, P, J, R or X please ==>              L
Lewandowski made : 33.33333333333333 % of his goals.
Lewandowski missed : 66.66666666666666 % of his goals.
Lewandowski won : 1  times.
Lewandowski lost : 2  times.
	     ================================================== 
	        Choose a letter to see a player's stats.       
	     ================================================== 
	          L   Lewandowski	M  Mbappe        
	          P   Perisic     	J  Jo        
	          R   Richarlison	X  Exit          
	     ================================================== 
 Choose L, M, P, J, R or X please ==>              M
Mbappe made : 16.666666666666664 % of his goals.
Mbappe missed : 83.33333333333334 % of his goals.
Mbappe won : 2  times.
Mbappe lost : 1  times.
	     ================================================== 
	        Choose a letter to see a player's stats.       
	     ================================================== 
	          L   Lewandowski	M  Mbappe        
	          P   Perisic     	J  Jo        
	          R   Richarlison	X  Exit          
	     ================================================== 
 Choose L, M, P, J, R or X please ==>              P
Perisic made : 25.0 % of his goals.
Perisic missed : 75.0 % of his goals.
Perisic won : 1  times.
Perisic lost : 2  times.
	     ================================================== 
	        Choose a letter to see a player's stats.       
	     ================================================== 
	          L   Lewandowski	M  Mbappe        
	          P   Perisic     	J  Jo        
	          R   Richarlison	X  Exit          
	     ================================================== 
 Choose L, M, P, J, R or X please ==>              J
Jo made : 50.0 % of his goals.
Jo missed : 50.0 % of his goals.
Jo won : 1  times.
Jo lost : 2  times.
	     ================================================== 
	        Choose a letter to see a player's stats.       
	     ================================================== 
	          L   Lewandowski	M  Mbappe        
	          P   Perisic     	J  Jo        
	          R   Richarlison	X  Exit          
	     ================================================== 
 Choose L, M, P, J, R or X please ==>              R
Richarlison made : 25.0 % of his goals.
Richarlison missed : 75.0 % of his goals.
Richarlison won : 3  times.
Richarlison lost : 0  times.
	     ================================================== 
	        Choose a letter to see a player's stats.       
	     ================================================== 
	          L   Lewandowski	M  Mbappe        
	          P   Perisic     	J  Jo        
	          R   Richarlison	X  Exit          
	     ================================================== 
 Choose L, M, P, J, R or X please ==>              X

...		    World Cup Qatar 2022!!!




